\BOOKMARK [1][-]{section.1}{\376\377\000I\000n\000f\000o\000r\000m\000a\000t\000i\000o\000n\000s\000\040\000g\000\351\000n\000\351\000r\000a\000l\000e\000s}{}% 1
\BOOKMARK [2][-]{subsection.1.1}{\376\377\000F\000W}{section.1}% 2
\BOOKMARK [2][-]{subsection.1.2}{\376\377\000R\000o\000u\000t\000e\000u\000r}{section.1}% 3
\BOOKMARK [2][-]{subsection.1.3}{\376\377\000S\000w\000i\000t\000c\000h}{section.1}% 4
\BOOKMARK [1][-]{section.2}{\376\377\000T\000o\000p\000o\000l\000o\000g\000i\000e\000s}{}% 5
\BOOKMARK [2][-]{subsection.2.1}{\376\377\000T\000o\000p\000o\000l\000o\000g\000i\000e\000\040\000g\000l\000o\000b\000a\000l\000e}{section.2}% 6
\BOOKMARK [2][-]{subsection.2.2}{\376\377\000T\000o\000p\000o\000l\000o\000g\000i\000e\000\040\000l\000o\000c\000a\000l\000e\000\040\000d\000e\000\040\000l\000'\000a\000g\000e\000n\000c\000e\000\040\0007}{section.2}% 7
\BOOKMARK [2][-]{subsection.2.3}{\376\377\000[\0002\0005\000/\0000\0009\000]}{section.2}% 8
\BOOKMARK [3][-]{subsubsection.2.3.1}{\376\377\000F\000i\000r\000e\000w\000a\000l\000l}{subsection.2.3}% 9
\BOOKMARK [3][-]{subsubsection.2.3.2}{\376\377\000R\000o\000u\000t\000e\000u\000r}{subsection.2.3}% 10
\BOOKMARK [3][-]{subsubsection.2.3.3}{\376\377\000S\000w\000i\000t\000c\000h}{subsection.2.3}% 11
\BOOKMARK [3][-]{subsubsection.2.3.4}{\376\377\000P\000r\000o\000b\000l\000\350\000m\000e\000s\000\040\000r\000e\000n\000c\000o\000n\000t\000r\000\351\000s}{subsection.2.3}% 12
\BOOKMARK [2][-]{subsection.2.4}{\376\377\000[\0000\0002\000/\0001\0000\000]}{section.2}% 13
\BOOKMARK [3][-]{subsubsection.2.4.1}{\376\377\000R\000o\000u\000t\000e\000r}{subsection.2.4}% 14
\BOOKMARK [3][-]{subsubsection.2.4.2}{\376\377\000F\000i\000r\000e\000w\000a\000l\000l}{subsection.2.4}% 15
\BOOKMARK [3][-]{subsubsection.2.4.3}{\376\377\000S\000w\000i\000t\000c\000h}{subsection.2.4}% 16
\BOOKMARK [3][-]{subsubsection.2.4.4}{\376\377\000P\000r\000o\000b\000l\000\350\000m\000e\000s\000\040\000r\000e\000n\000c\000o\000n\000t\000r\000\351\000s}{subsection.2.4}% 17
\BOOKMARK [3][-]{subsubsection.2.4.5}{\376\377\000P\000l\000a\000n\000i\000f\000i\000c\000a\000t\000i\000o\000n\000\040\000d\000e\000s\000\040\000t\000\342\000c\000h\000e\000s\000\040\000p\000o\000u\000r\000\040\000l\000e\000\040\000c\000o\000u\000r\000s\000\040\000s\000u\000i\000v\000a\000n\000t}{subsection.2.4}% 18
\BOOKMARK [2][-]{subsection.2.5}{\376\377\000[\0000\0003\000/\0001\0000\000]}{section.2}% 19
\BOOKMARK [3][-]{subsubsection.2.5.1}{\376\377\000R\000o\000u\000t\000e\000r}{subsection.2.5}% 20
\BOOKMARK [3][-]{subsubsection.2.5.2}{\376\377\000F\000i\000r\000e\000w\000a\000l\000l}{subsection.2.5}% 21
\BOOKMARK [3][-]{subsubsection.2.5.3}{\376\377\000S\000w\000i\000t\000c\000h}{subsection.2.5}% 22
\BOOKMARK [3][-]{subsubsection.2.5.4}{\376\377\000P\000r\000o\000b\000l\000\350\000m\000e\000s\000\040\000r\000e\000n\000c\000o\000n\000t\000r\000\351\000s}{subsection.2.5}% 23
\BOOKMARK [3][-]{subsubsection.2.5.5}{\376\377\000P\000l\000a\000n\000i\000f\000i\000c\000a\000t\000i\000o\000n\000\040\000d\000e\000s\000\040\000t\000\342\000c\000h\000e\000s\000\040\000p\000o\000u\000r\000\040\000l\000e\000\040\000c\000o\000u\000r\000s\000\040\000s\000u\000i\000v\000a\000n\000t}{subsection.2.5}% 24
\BOOKMARK [2][-]{subsection.2.6}{\376\377\000[\0000\0007\000/\0001\0000\000]}{section.2}% 25
\BOOKMARK [3][-]{subsubsection.2.6.1}{\376\377\000R\000o\000u\000t\000e\000r}{subsection.2.6}% 26
\BOOKMARK [3][-]{subsubsection.2.6.2}{\376\377\000F\000i\000r\000e\000w\000a\000l\000l}{subsection.2.6}% 27
\BOOKMARK [3][-]{subsubsection.2.6.3}{\376\377\000S\000w\000i\000t\000c\000h}{subsection.2.6}% 28
\BOOKMARK [3][-]{subsubsection.2.6.4}{\376\377\000P\000r\000o\000b\000l\000\350\000m\000e\000s\000\040\000r\000e\000n\000c\000o\000n\000t\000r\000\351\000s}{subsection.2.6}% 29
\BOOKMARK [3][-]{subsubsection.2.6.5}{\376\377\000P\000l\000a\000n\000i\000f\000i\000c\000a\000t\000i\000o\000n\000\040\000d\000e\000s\000\040\000t\000\342\000c\000h\000e\000s\000\040\000p\000o\000u\000r\000\040\000l\000e\000\040\000c\000o\000u\000r\000s\000\040\000s\000u\000i\000v\000a\000n\000t}{subsection.2.6}% 30
\BOOKMARK [1][-]{section.3}{\376\377\000T\000r\000o\000u\000b\000l\000e\000s\000h\000o\000o\000t\000i\000n\000g}{}% 31
\BOOKMARK [1][-]{section.4}{\376\377\000S\000o\000u\000r\000c\000e\000s}{}% 32
\BOOKMARK [1][-]{section.5}{\376\377\000A\000n\000n\000e\000x\000e\000s}{}% 33
\BOOKMARK [2][-]{subsection.5.1}{\376\377\000T\000o\000p\000o\000l\000o\000g\000i\000e\000\040\000g\000l\000o\000b\000a\000l\000e}{section.5}% 34
